  AREA.cpp
C:\Users\Cortana\source\repos\BattlestarBeets\Adventure-Game\AREA.cpp(124,17): error C2065: 'attack': undeclared identifier
C:\Users\Cortana\source\repos\BattlestarBeets\Adventure-Game\AREA.cpp(125,9): error C2050: switch expression not integral
C:\Users\Cortana\source\repos\BattlestarBeets\Adventure-Game\AREA.cpp(126,18): error C2065: 'fireball': undeclared identifier
C:\Users\Cortana\source\repos\BattlestarBeets\Adventure-Game\AREA.cpp(129,37): error C2065: 'enemy': undeclared identifier
C:\Users\Cortana\source\repos\BattlestarBeets\Adventure-Game\AREA.cpp(129,31): error C2275: 'mob': illegal use of this type as an expression
C:\Users\Cortana\source\repos\BattlestarBeets\Adventure-Game\area.hpp(4): message : see declaration of 'mob'
C:\Users\Cortana\source\repos\BattlestarBeets\Adventure-Game\AREA.cpp(129,42): error C2660: 'fireballSpell': function does not take 1 arguments
C:\Users\Cortana\source\repos\BattlestarBeets\Adventure-Game\mageClass.hpp(12,6): message : see declaration of 'fireballSpell'
C:\Users\Cortana\source\repos\BattlestarBeets\Adventure-Game\AREA.cpp(127): error C2317: 'try' block starting on line '127' has no catch handlers
C:\Users\Cortana\source\repos\BattlestarBeets\Adventure-Game\AREA.cpp(126,1): error C2051: case expression not constant
  mobs.cpp
C:\Users\Cortana\source\repos\BattlestarBeets\Adventure-Game\mobs.cpp(22,1): error C4430: missing type specifier - int assumed. Note: C++ does not support default-int
C:\Users\Cortana\source\repos\BattlestarBeets\Adventure-Game\mobs.cpp(22,1): error C2556: 'int mob::enemyAttack(void)': overloaded function differs only by return type from 'void mob::enemyAttack(void)'
C:\Users\Cortana\source\repos\BattlestarBeets\Adventure-Game\mobs.hpp(33): message : see declaration of 'mob::enemyAttack'
C:\Users\Cortana\source\repos\BattlestarBeets\Adventure-Game\mobs.cpp(21,6): error C2371: 'mob::enemyAttack': redefinition; different basic types
C:\Users\Cortana\source\repos\BattlestarBeets\Adventure-Game\mobs.hpp(33): message : see declaration of 'mob::enemyAttack'
C:\Users\Cortana\source\repos\BattlestarBeets\Adventure-Game\mobs.cpp(23,5): error C2065: 'playerHealth': undeclared identifier
  PARSER.cpp
C:\Users\Cortana\source\repos\BattlestarBeets\Adventure-Game\PARSER.cpp(31,27): error C2065: 'fireball': undeclared identifier
C:\Users\Cortana\source\repos\BattlestarBeets\Adventure-Game\PARSER.cpp(135,14): error C2065: 'fireball': undeclared identifier
C:\Users\Cortana\source\repos\BattlestarBeets\Adventure-Game\PARSER.cpp(135,1): error C2051: case expression not constant
  Generating Code...
